<?xml version="1.0" encoding="UTF-8"?>
<!-- Generated by org.testng.reporters.JUnitXMLReporter -->
<testsuite ignored="0" hostname="streamcipher" failures="0" tests="3" name="Test" time="47.544" errors="0" timestamp="2022-04-29T18:58:15 IST">
  <testcase classname="ConsumerApp.ConsumerTest" name="gotoUrl" time="2.653"/>
  <testcase classname="ConsumerApp.ConsumerTest" name="login" time="20.602"/>
  <testcase classname="ConsumerApp.ConsumerTest" name="buy3rdpartypermit" time="23.475"/>
</testsuite> <!-- Test -->
