<?xml version="1.0" encoding="UTF-8"?>
<testng-results ignored="0" total="2" passed="2" failed="0" skipped="0">
  <reporter-output>
  </reporter-output>
  <suite started-at="2022-03-30T17:42:11 IST" name="Suite" finished-at="2022-03-30T17:43:44 IST" duration-ms="93304">
    <groups>
    </groups>
    <test started-at="2022-03-30T17:42:11 IST" name="Test" finished-at="2022-03-30T17:43:44 IST" duration-ms="93304">
      <class name="ConsumerApp.ConsumerTest">
        <test-method is-config="true" signature="initializeDriver(java.lang.String)[pri:0, instance:ConsumerApp.ConsumerTest@7ec3394b]" started-at="2022-03-30T17:42:10 IST" name="initializeDriver" finished-at="2022-03-30T17:42:11 IST" duration-ms="849" status="PASS">
          <params>
            <param index="0">
              <value>
                <![CDATA[gmpqa]]>
              </value>
            </param>
          </params>
          <reporter-output>
          </reporter-output>
        </test-method> <!-- initializeDriver -->
        <test-method signature="gotoUrl(ConsumerWebApp.ObjectMapper.UrlMapper)[pri:0, instance:ConsumerApp.ConsumerTest@7ec3394b]" started-at="2022-03-30T17:42:12 IST" name="gotoUrl" data-provider="getUrlData" finished-at="2022-03-30T17:42:14 IST" duration-ms="2341" status="PASS">
          <params>
            <param index="0">
              <value>
                <![CDATA[UrlMapper{url='https://gmpone-admin-db.getmyparking.com/'}]]>
              </value>
            </param>
          </params>
          <reporter-output>
          </reporter-output>
        </test-method> <!-- gotoUrl -->
        <test-method signature="login(ConsumerWebApp.ObjectMapper.LoginMapper)[pri:2, instance:ConsumerApp.ConsumerTest@7ec3394b]" started-at="2022-03-30T17:42:14 IST" name="login" data-provider="getLoginData" finished-at="2022-03-30T17:43:44 IST" duration-ms="90294" status="PASS">
          <params>
            <param index="0">
              <value>
                <![CDATA[LoginMapper{useremail='dashboard_user', password='dashboard_user'}]]>
              </value>
            </param>
          </params>
          <reporter-output>
          </reporter-output>
        </test-method> <!-- login -->
      </class> <!-- ConsumerApp.ConsumerTest -->
    </test> <!-- Test -->
  </suite> <!-- Suite -->
</testng-results>
